running develop
running egg_info
creating gzb_sim_pkg.egg-info
writing gzb_sim_pkg.egg-info/PKG-INFO
writing dependency_links to gzb_sim_pkg.egg-info/dependency_links.txt
writing entry points to gzb_sim_pkg.egg-info/entry_points.txt
writing requirements to gzb_sim_pkg.egg-info/requires.txt
writing top-level names to gzb_sim_pkg.egg-info/top_level.txt
writing manifest file 'gzb_sim_pkg.egg-info/SOURCES.txt'
reading manifest file 'gzb_sim_pkg.egg-info/SOURCES.txt'
writing manifest file 'gzb_sim_pkg.egg-info/SOURCES.txt'
running build_ext
Creating /home/thinh/ros2_ws/src/gzb_sim_pkg/install/gzb_sim_pkg/lib/python3.10/site-packages/gzb-sim-pkg.egg-link (link to .)
Installing demo_trajectory script to /home/thinh/ros2_ws/src/gzb_sim_pkg/install/gzb_sim_pkg/lib/gzb_sim_pkg

Installed /home/thinh/ros2_ws/src/gzb_sim_pkg/build/gzb_sim_pkg
running symlink_data
creating /home/thinh/ros2_ws/src/gzb_sim_pkg/install/gzb_sim_pkg/share/ament_index/resource_index/packages
symbolically linking /home/thinh/ros2_ws/src/gzb_sim_pkg/build/gzb_sim_pkg/resource/gzb_sim_pkg -> /home/thinh/ros2_ws/src/gzb_sim_pkg/install/gzb_sim_pkg/share/ament_index/resource_index/packages
symbolically linking /home/thinh/ros2_ws/src/gzb_sim_pkg/build/gzb_sim_pkg/package.xml -> /home/thinh/ros2_ws/src/gzb_sim_pkg/install/gzb_sim_pkg/share/gzb_sim_pkg
creating /home/thinh/ros2_ws/src/gzb_sim_pkg/install/gzb_sim_pkg/share/gzb_sim_pkg/launch
symbolically linking /home/thinh/ros2_ws/src/gzb_sim_pkg/build/gzb_sim_pkg/launch/gazebo_bringup.launch.py -> /home/thinh/ros2_ws/src/gzb_sim_pkg/install/gzb_sim_pkg/share/gzb_sim_pkg/launch
symbolically linking /home/thinh/ros2_ws/src/gzb_sim_pkg/build/gzb_sim_pkg/launch/rviz_display.launch.py -> /home/thinh/ros2_ws/src/gzb_sim_pkg/install/gzb_sim_pkg/share/gzb_sim_pkg/launch
creating /home/thinh/ros2_ws/src/gzb_sim_pkg/install/gzb_sim_pkg/share/gzb_sim_pkg/config
symbolically linking /home/thinh/ros2_ws/src/gzb_sim_pkg/build/gzb_sim_pkg/config/ros2_control.yaml -> /home/thinh/ros2_ws/src/gzb_sim_pkg/install/gzb_sim_pkg/share/gzb_sim_pkg/config
symbolically linking /home/thinh/ros2_ws/src/gzb_sim_pkg/build/gzb_sim_pkg/config/robot_description.yaml -> /home/thinh/ros2_ws/src/gzb_sim_pkg/install/gzb_sim_pkg/share/gzb_sim_pkg/config
symbolically linking /home/thinh/ros2_ws/src/gzb_sim_pkg/build/gzb_sim_pkg/config/joint_names_sim_Assem.SLDASM.yaml -> /home/thinh/ros2_ws/src/gzb_sim_pkg/install/gzb_sim_pkg/share/gzb_sim_pkg/config
creating /home/thinh/ros2_ws/src/gzb_sim_pkg/install/gzb_sim_pkg/share/gzb_sim_pkg/urdf
symbolically linking /home/thinh/ros2_ws/src/gzb_sim_pkg/build/gzb_sim_pkg/urdf/sim_Assem.SLDASM.urdf -> /home/thinh/ros2_ws/src/gzb_sim_pkg/install/gzb_sim_pkg/share/gzb_sim_pkg/urdf
symbolically linking /home/thinh/ros2_ws/src/gzb_sim_pkg/build/gzb_sim_pkg/urdf/sim_Assem.SLDASM.csv -> /home/thinh/ros2_ws/src/gzb_sim_pkg/install/gzb_sim_pkg/share/gzb_sim_pkg/urdf
creating /home/thinh/ros2_ws/src/gzb_sim_pkg/install/gzb_sim_pkg/share/gzb_sim_pkg/meshes
symbolically linking /home/thinh/ros2_ws/src/gzb_sim_pkg/build/gzb_sim_pkg/meshes/link1.STL -> /home/thinh/ros2_ws/src/gzb_sim_pkg/install/gzb_sim_pkg/share/gzb_sim_pkg/meshes
symbolically linking /home/thinh/ros2_ws/src/gzb_sim_pkg/build/gzb_sim_pkg/meshes/link2.STL -> /home/thinh/ros2_ws/src/gzb_sim_pkg/install/gzb_sim_pkg/share/gzb_sim_pkg/meshes
symbolically linking /home/thinh/ros2_ws/src/gzb_sim_pkg/build/gzb_sim_pkg/meshes/link3.STL -> /home/thinh/ros2_ws/src/gzb_sim_pkg/install/gzb_sim_pkg/share/gzb_sim_pkg/meshes
symbolically linking /home/thinh/ros2_ws/src/gzb_sim_pkg/build/gzb_sim_pkg/meshes/base_link.STL -> /home/thinh/ros2_ws/src/gzb_sim_pkg/install/gzb_sim_pkg/share/gzb_sim_pkg/meshes
creating /home/thinh/ros2_ws/src/gzb_sim_pkg/install/gzb_sim_pkg/share/gzb_sim_pkg/worlds
symbolically linking /home/thinh/ros2_ws/src/gzb_sim_pkg/build/gzb_sim_pkg/worlds/building_sim_Assem.sdf -> /home/thinh/ros2_ws/src/gzb_sim_pkg/install/gzb_sim_pkg/share/gzb_sim_pkg/worlds
