[0.498s] Invoking command in '/home/thinh/ros2_ws/src/gzb_sim_pkg/build/gzb_sim_pkg': PYTHONPATH=/home/thinh/ros2_ws/src/gzb_sim_pkg/build/gzb_sim_pkg/prefix_override:/usr/lib/python3/dist-packages/colcon_core/task/python/colcon_distutils_commands:/home/thinh/ros2_ws/src/gzb_sim_pkg/install/gzb_sim_pkg/lib/python3.10/site-packages:${PYTHONPATH} /usr/bin/python3 -W ignore:setup.py install is deprecated -W ignore:easy_install command is deprecated setup.py develop --editable --build-directory /home/thinh/ros2_ws/src/gzb_sim_pkg/build/gzb_sim_pkg/build --no-deps symlink_data
[0.714s] running develop
[0.854s] running egg_info
[0.865s] creating gzb_sim_pkg.egg-info
[0.865s] writing gzb_sim_pkg.egg-info/PKG-INFO
[0.865s] writing dependency_links to gzb_sim_pkg.egg-info/dependency_links.txt
[0.865s] writing entry points to gzb_sim_pkg.egg-info/entry_points.txt
[0.865s] writing requirements to gzb_sim_pkg.egg-info/requires.txt
[0.865s] writing top-level names to gzb_sim_pkg.egg-info/top_level.txt
[0.865s] writing manifest file 'gzb_sim_pkg.egg-info/SOURCES.txt'
[0.892s] reading manifest file 'gzb_sim_pkg.egg-info/SOURCES.txt'
[0.893s] writing manifest file 'gzb_sim_pkg.egg-info/SOURCES.txt'
[0.904s] running build_ext
[0.904s] Creating /home/thinh/ros2_ws/src/gzb_sim_pkg/install/gzb_sim_pkg/lib/python3.10/site-packages/gzb-sim-pkg.egg-link (link to .)
[0.904s] Installing demo_trajectory script to /home/thinh/ros2_ws/src/gzb_sim_pkg/install/gzb_sim_pkg/lib/gzb_sim_pkg
[0.904s] 
[0.904s] Installed /home/thinh/ros2_ws/src/gzb_sim_pkg/build/gzb_sim_pkg
[0.904s] running symlink_data
[0.904s] creating /home/thinh/ros2_ws/src/gzb_sim_pkg/install/gzb_sim_pkg/share/ament_index/resource_index/packages
[0.904s] symbolically linking /home/thinh/ros2_ws/src/gzb_sim_pkg/build/gzb_sim_pkg/resource/gzb_sim_pkg -> /home/thinh/ros2_ws/src/gzb_sim_pkg/install/gzb_sim_pkg/share/ament_index/resource_index/packages
[0.905s] symbolically linking /home/thinh/ros2_ws/src/gzb_sim_pkg/build/gzb_sim_pkg/package.xml -> /home/thinh/ros2_ws/src/gzb_sim_pkg/install/gzb_sim_pkg/share/gzb_sim_pkg
[0.905s] creating /home/thinh/ros2_ws/src/gzb_sim_pkg/install/gzb_sim_pkg/share/gzb_sim_pkg/launch
[0.905s] symbolically linking /home/thinh/ros2_ws/src/gzb_sim_pkg/build/gzb_sim_pkg/launch/gazebo_bringup.launch.py -> /home/thinh/ros2_ws/src/gzb_sim_pkg/install/gzb_sim_pkg/share/gzb_sim_pkg/launch
[0.905s] symbolically linking /home/thinh/ros2_ws/src/gzb_sim_pkg/build/gzb_sim_pkg/launch/rviz_display.launch.py -> /home/thinh/ros2_ws/src/gzb_sim_pkg/install/gzb_sim_pkg/share/gzb_sim_pkg/launch
[0.905s] creating /home/thinh/ros2_ws/src/gzb_sim_pkg/install/gzb_sim_pkg/share/gzb_sim_pkg/config
[0.905s] symbolically linking /home/thinh/ros2_ws/src/gzb_sim_pkg/build/gzb_sim_pkg/config/ros2_control.yaml -> /home/thinh/ros2_ws/src/gzb_sim_pkg/install/gzb_sim_pkg/share/gzb_sim_pkg/config
[0.905s] symbolically linking /home/thinh/ros2_ws/src/gzb_sim_pkg/build/gzb_sim_pkg/config/robot_description.yaml -> /home/thinh/ros2_ws/src/gzb_sim_pkg/install/gzb_sim_pkg/share/gzb_sim_pkg/config
[0.905s] symbolically linking /home/thinh/ros2_ws/src/gzb_sim_pkg/build/gzb_sim_pkg/config/joint_names_sim_Assem.SLDASM.yaml -> /home/thinh/ros2_ws/src/gzb_sim_pkg/install/gzb_sim_pkg/share/gzb_sim_pkg/config
[0.905s] creating /home/thinh/ros2_ws/src/gzb_sim_pkg/install/gzb_sim_pkg/share/gzb_sim_pkg/urdf
[0.905s] symbolically linking /home/thinh/ros2_ws/src/gzb_sim_pkg/build/gzb_sim_pkg/urdf/sim_Assem.SLDASM.urdf -> /home/thinh/ros2_ws/src/gzb_sim_pkg/install/gzb_sim_pkg/share/gzb_sim_pkg/urdf
[0.905s] symbolically linking /home/thinh/ros2_ws/src/gzb_sim_pkg/build/gzb_sim_pkg/urdf/sim_Assem.SLDASM.csv -> /home/thinh/ros2_ws/src/gzb_sim_pkg/install/gzb_sim_pkg/share/gzb_sim_pkg/urdf
[0.905s] creating /home/thinh/ros2_ws/src/gzb_sim_pkg/install/gzb_sim_pkg/share/gzb_sim_pkg/meshes
[0.905s] symbolically linking /home/thinh/ros2_ws/src/gzb_sim_pkg/build/gzb_sim_pkg/meshes/link1.STL -> /home/thinh/ros2_ws/src/gzb_sim_pkg/install/gzb_sim_pkg/share/gzb_sim_pkg/meshes
[0.905s] symbolically linking /home/thinh/ros2_ws/src/gzb_sim_pkg/build/gzb_sim_pkg/meshes/link2.STL -> /home/thinh/ros2_ws/src/gzb_sim_pkg/install/gzb_sim_pkg/share/gzb_sim_pkg/meshes
[0.905s] symbolically linking /home/thinh/ros2_ws/src/gzb_sim_pkg/build/gzb_sim_pkg/meshes/link3.STL -> /home/thinh/ros2_ws/src/gzb_sim_pkg/install/gzb_sim_pkg/share/gzb_sim_pkg/meshes
[0.905s] symbolically linking /home/thinh/ros2_ws/src/gzb_sim_pkg/build/gzb_sim_pkg/meshes/base_link.STL -> /home/thinh/ros2_ws/src/gzb_sim_pkg/install/gzb_sim_pkg/share/gzb_sim_pkg/meshes
[0.905s] creating /home/thinh/ros2_ws/src/gzb_sim_pkg/install/gzb_sim_pkg/share/gzb_sim_pkg/worlds
[0.905s] symbolically linking /home/thinh/ros2_ws/src/gzb_sim_pkg/build/gzb_sim_pkg/worlds/building_sim_Assem.sdf -> /home/thinh/ros2_ws/src/gzb_sim_pkg/install/gzb_sim_pkg/share/gzb_sim_pkg/worlds
[0.928s] Invoked command in '/home/thinh/ros2_ws/src/gzb_sim_pkg/build/gzb_sim_pkg' returned '0': PYTHONPATH=/home/thinh/ros2_ws/src/gzb_sim_pkg/build/gzb_sim_pkg/prefix_override:/usr/lib/python3/dist-packages/colcon_core/task/python/colcon_distutils_commands:/home/thinh/ros2_ws/src/gzb_sim_pkg/install/gzb_sim_pkg/lib/python3.10/site-packages:${PYTHONPATH} /usr/bin/python3 -W ignore:setup.py install is deprecated -W ignore:easy_install command is deprecated setup.py develop --editable --build-directory /home/thinh/ros2_ws/src/gzb_sim_pkg/build/gzb_sim_pkg/build --no-deps symlink_data
