running develop
running egg_info
creating gd_robot_bringup.egg-info
writing gd_robot_bringup.egg-info/PKG-INFO
writing dependency_links to gd_robot_bringup.egg-info/dependency_links.txt
writing entry points to gd_robot_bringup.egg-info/entry_points.txt
writing requirements to gd_robot_bringup.egg-info/requires.txt
writing top-level names to gd_robot_bringup.egg-info/top_level.txt
writing manifest file 'gd_robot_bringup.egg-info/SOURCES.txt'
reading manifest file 'gd_robot_bringup.egg-info/SOURCES.txt'
writing manifest file 'gd_robot_bringup.egg-info/SOURCES.txt'
running build_ext
Creating /home/thinh/ros2_ws/src/install/gd_robot_bringup/lib/python3.10/site-packages/gd-robot-bringup.egg-link (link to .)

Installed /home/thinh/ros2_ws/src/build/gd_robot_bringup
running symlink_data
creating /home/thinh/ros2_ws/src/install/gd_robot_bringup/share/ament_index
creating /home/thinh/ros2_ws/src/install/gd_robot_bringup/share/ament_index/resource_index
creating /home/thinh/ros2_ws/src/install/gd_robot_bringup/share/ament_index/resource_index/packages
symbolically linking /home/thinh/ros2_ws/src/build/gd_robot_bringup/resource/gd_robot_bringup -> /home/thinh/ros2_ws/src/install/gd_robot_bringup/share/ament_index/resource_index/packages
symbolically linking /home/thinh/ros2_ws/src/build/gd_robot_bringup/package.xml -> /home/thinh/ros2_ws/src/install/gd_robot_bringup/share/gd_robot_bringup
