running develop
running egg_info
creating camera_worker_pkg.egg-info
writing camera_worker_pkg.egg-info/PKG-INFO
writing dependency_links to camera_worker_pkg.egg-info/dependency_links.txt
writing entry points to camera_worker_pkg.egg-info/entry_points.txt
writing requirements to camera_worker_pkg.egg-info/requires.txt
writing top-level names to camera_worker_pkg.egg-info/top_level.txt
writing manifest file 'camera_worker_pkg.egg-info/SOURCES.txt'
reading manifest file 'camera_worker_pkg.egg-info/SOURCES.txt'
writing manifest file 'camera_worker_pkg.egg-info/SOURCES.txt'
running build_ext
Creating /home/thinh/ros2_ws/src/install/camera_worker_pkg/lib/python3.10/site-packages/camera-worker-pkg.egg-link (link to .)
Installing basler_calibfile script to /home/thinh/ros2_ws/src/install/camera_worker_pkg/lib/camera_worker_pkg
Installing basler_snapshot_server script to /home/thinh/ros2_ws/src/install/camera_worker_pkg/lib/camera_worker_pkg
Installing canny_edge_node script to /home/thinh/ros2_ws/src/install/camera_worker_pkg/lib/camera_worker_pkg
Installing undistort_img_node script to /home/thinh/ros2_ws/src/install/camera_worker_pkg/lib/camera_worker_pkg

Installed /home/thinh/ros2_ws/src/build/camera_worker_pkg
running symlink_data
creating /home/thinh/ros2_ws/src/install/camera_worker_pkg/share/ament_index
creating /home/thinh/ros2_ws/src/install/camera_worker_pkg/share/ament_index/resource_index
creating /home/thinh/ros2_ws/src/install/camera_worker_pkg/share/ament_index/resource_index/packages
symbolically linking /home/thinh/ros2_ws/src/build/camera_worker_pkg/resource/camera_worker_pkg -> /home/thinh/ros2_ws/src/install/camera_worker_pkg/share/ament_index/resource_index/packages
symbolically linking /home/thinh/ros2_ws/src/build/camera_worker_pkg/package.xml -> /home/thinh/ros2_ws/src/install/camera_worker_pkg/share/camera_worker_pkg
