[0.066s] DEBUG:colcon:Command line arguments: ['/usr/bin/colcon', 'build', '--symlink-install']
[0.066s] DEBUG:colcon:Parsed command line arguments: Namespace(log_base=None, log_level=None, verb_name='build', build_base='build', install_base='install', merge_install=False, symlink_install=True, test_result_base=None, continue_on_error=False, executor='parallel', parallel_workers=12, event_handlers=None, ignore_user_meta=False, metas=['./colcon.meta'], base_paths=['.'], packages_ignore=None, packages_ignore_regex=None, paths=None, packages_up_to=None, packages_up_to_regex=None, packages_above=None, packages_above_and_dependencies=None, packages_above_depth=None, packages_select_by_dep=None, packages_skip_by_dep=None, packages_skip_up_to=None, packages_select_build_failed=False, packages_skip_build_finished=False, packages_select_test_failures=False, packages_skip_test_passed=False, packages_select=None, packages_skip=None, packages_select_regex=None, packages_skip_regex=None, packages_start=None, packages_end=None, allow_overriding=[], cmake_args=None, cmake_target=None, cmake_target_skip_unavailable=False, cmake_clean_cache=False, cmake_clean_first=False, cmake_force_configure=False, ament_cmake_args=None, catkin_cmake_args=None, catkin_skip_building_tests=False, mixin_files=None, mixin=None, verb_parser=<colcon_mixin.mixin.mixin_argument.MixinArgumentDecorator object at 0x76164d39cd30>, verb_extension=<colcon_core.verb.build.BuildVerb object at 0x76164d39c7c0>, main=<bound method BuildVerb.main of <colcon_core.verb.build.BuildVerb object at 0x76164d39c7c0>>, mixin_verb=('build',))
[0.088s] Level 1:colcon.colcon_core.package_discovery:discover_packages(colcon_meta) check parameters
[0.088s] Level 1:colcon.colcon_core.package_discovery:discover_packages(recursive) check parameters
[0.088s] Level 1:colcon.colcon_core.package_discovery:discover_packages(ignore) check parameters
[0.088s] Level 1:colcon.colcon_core.package_discovery:discover_packages(path) check parameters
[0.088s] Level 1:colcon.colcon_core.package_discovery:discover_packages(colcon_meta) discover
[0.088s] Level 1:colcon.colcon_core.package_discovery:discover_packages(recursive) discover
[0.088s] INFO:colcon.colcon_core.package_discovery:Crawling recursively for packages in '/home/thinh/ros2_ws/src'
[0.088s] Level 1:colcon.colcon_core.package_identification:_identify(.) by extensions ['ignore', 'ignore_ament_install']
[0.088s] Level 1:colcon.colcon_core.package_identification:_identify(.) by extension 'ignore'
[0.088s] Level 1:colcon.colcon_core.package_identification:_identify(.) by extension 'ignore_ament_install'
[0.088s] Level 1:colcon.colcon_core.package_identification:_identify(.) by extensions ['colcon_pkg']
[0.088s] Level 1:colcon.colcon_core.package_identification:_identify(.) by extension 'colcon_pkg'
[0.088s] Level 1:colcon.colcon_core.package_identification:_identify(.) by extensions ['colcon_meta']
[0.088s] Level 1:colcon.colcon_core.package_identification:_identify(.) by extension 'colcon_meta'
[0.088s] Level 1:colcon.colcon_core.package_identification:_identify(.) by extensions ['ros']
[0.088s] Level 1:colcon.colcon_core.package_identification:_identify(.) by extension 'ros'
[0.096s] Level 1:colcon.colcon_core.package_identification:_identify(.) by extensions ['cmake', 'python']
[0.096s] Level 1:colcon.colcon_core.package_identification:_identify(.) by extension 'cmake'
[0.096s] Level 1:colcon.colcon_core.package_identification:_identify(.) by extension 'python'
[0.096s] Level 1:colcon.colcon_core.package_identification:_identify(.) by extensions ['python_setup_py']
[0.096s] Level 1:colcon.colcon_core.package_identification:_identify(.) by extension 'python_setup_py'
[0.096s] Level 1:colcon.colcon_core.package_identification:_identify(build) by extensions ['ignore', 'ignore_ament_install']
[0.096s] Level 1:colcon.colcon_core.package_identification:_identify(build) by extension 'ignore'
[0.096s] Level 1:colcon.colcon_core.package_identification:_identify(build) ignored
[0.096s] Level 1:colcon.colcon_core.package_identification:_identify(camera_worker_pkg) by extensions ['ignore', 'ignore_ament_install']
[0.096s] Level 1:colcon.colcon_core.package_identification:_identify(camera_worker_pkg) by extension 'ignore'
[0.096s] Level 1:colcon.colcon_core.package_identification:_identify(camera_worker_pkg) by extension 'ignore_ament_install'
[0.096s] Level 1:colcon.colcon_core.package_identification:_identify(camera_worker_pkg) by extensions ['colcon_pkg']
[0.096s] Level 1:colcon.colcon_core.package_identification:_identify(camera_worker_pkg) by extension 'colcon_pkg'
[0.096s] Level 1:colcon.colcon_core.package_identification:_identify(camera_worker_pkg) by extensions ['colcon_meta']
[0.096s] Level 1:colcon.colcon_core.package_identification:_identify(camera_worker_pkg) by extension 'colcon_meta'
[0.096s] Level 1:colcon.colcon_core.package_identification:_identify(camera_worker_pkg) by extensions ['ros']
[0.096s] Level 1:colcon.colcon_core.package_identification:_identify(camera_worker_pkg) by extension 'ros'
[0.098s] DEBUG:colcon.colcon_core.package_identification:Package 'camera_worker_pkg' with type 'ros.ament_python' and name 'camera_worker_pkg'
[0.098s] Level 1:colcon.colcon_core.package_identification:_identify(doc) by extensions ['ignore', 'ignore_ament_install']
[0.098s] Level 1:colcon.colcon_core.package_identification:_identify(doc) by extension 'ignore'
[0.098s] Level 1:colcon.colcon_core.package_identification:_identify(doc) by extension 'ignore_ament_install'
[0.098s] Level 1:colcon.colcon_core.package_identification:_identify(doc) by extensions ['colcon_pkg']
[0.098s] Level 1:colcon.colcon_core.package_identification:_identify(doc) by extension 'colcon_pkg'
[0.098s] Level 1:colcon.colcon_core.package_identification:_identify(doc) by extensions ['colcon_meta']
[0.098s] Level 1:colcon.colcon_core.package_identification:_identify(doc) by extension 'colcon_meta'
[0.098s] Level 1:colcon.colcon_core.package_identification:_identify(doc) by extensions ['ros']
[0.098s] Level 1:colcon.colcon_core.package_identification:_identify(doc) by extension 'ros'
[0.098s] Level 1:colcon.colcon_core.package_identification:_identify(doc) by extensions ['cmake', 'python']
[0.098s] Level 1:colcon.colcon_core.package_identification:_identify(doc) by extension 'cmake'
[0.098s] Level 1:colcon.colcon_core.package_identification:_identify(doc) by extension 'python'
[0.098s] Level 1:colcon.colcon_core.package_identification:_identify(doc) by extensions ['python_setup_py']
[0.098s] Level 1:colcon.colcon_core.package_identification:_identify(doc) by extension 'python_setup_py'
[0.098s] Level 1:colcon.colcon_core.package_identification:_identify(doc/pypylon-master) by extensions ['ignore', 'ignore_ament_install']
[0.098s] Level 1:colcon.colcon_core.package_identification:_identify(doc/pypylon-master) by extension 'ignore'
[0.098s] Level 1:colcon.colcon_core.package_identification:_identify(doc/pypylon-master) ignored
[0.098s] Level 1:colcon.colcon_core.package_identification:_identify(install) by extensions ['ignore', 'ignore_ament_install']
[0.098s] Level 1:colcon.colcon_core.package_identification:_identify(install) by extension 'ignore'
[0.098s] Level 1:colcon.colcon_core.package_identification:_identify(install) ignored
[0.098s] Level 1:colcon.colcon_core.package_identification:_identify(launch) by extensions ['ignore', 'ignore_ament_install']
[0.098s] Level 1:colcon.colcon_core.package_identification:_identify(launch) by extension 'ignore'
[0.098s] Level 1:colcon.colcon_core.package_identification:_identify(launch) by extension 'ignore_ament_install'
[0.098s] Level 1:colcon.colcon_core.package_identification:_identify(launch) by extensions ['colcon_pkg']
[0.098s] Level 1:colcon.colcon_core.package_identification:_identify(launch) by extension 'colcon_pkg'
[0.098s] Level 1:colcon.colcon_core.package_identification:_identify(launch) by extensions ['colcon_meta']
[0.098s] Level 1:colcon.colcon_core.package_identification:_identify(launch) by extension 'colcon_meta'
[0.098s] Level 1:colcon.colcon_core.package_identification:_identify(launch) by extensions ['ros']
[0.098s] Level 1:colcon.colcon_core.package_identification:_identify(launch) by extension 'ros'
[0.098s] Level 1:colcon.colcon_core.package_identification:_identify(launch) by extensions ['cmake', 'python']
[0.098s] Level 1:colcon.colcon_core.package_identification:_identify(launch) by extension 'cmake'
[0.098s] Level 1:colcon.colcon_core.package_identification:_identify(launch) by extension 'python'
[0.099s] Level 1:colcon.colcon_core.package_identification:_identify(launch) by extensions ['python_setup_py']
[0.099s] Level 1:colcon.colcon_core.package_identification:_identify(launch) by extension 'python_setup_py'
[0.099s] Level 1:colcon.colcon_core.package_identification:_identify(launch/__pycache__) by extensions ['ignore', 'ignore_ament_install']
[0.099s] Level 1:colcon.colcon_core.package_identification:_identify(launch/__pycache__) by extension 'ignore'
[0.099s] Level 1:colcon.colcon_core.package_identification:_identify(launch/__pycache__) by extension 'ignore_ament_install'
[0.099s] Level 1:colcon.colcon_core.package_identification:_identify(launch/__pycache__) by extensions ['colcon_pkg']
[0.099s] Level 1:colcon.colcon_core.package_identification:_identify(launch/__pycache__) by extension 'colcon_pkg'
[0.099s] Level 1:colcon.colcon_core.package_identification:_identify(launch/__pycache__) by extensions ['colcon_meta']
[0.099s] Level 1:colcon.colcon_core.package_identification:_identify(launch/__pycache__) by extension 'colcon_meta'
[0.099s] Level 1:colcon.colcon_core.package_identification:_identify(launch/__pycache__) by extensions ['ros']
[0.099s] Level 1:colcon.colcon_core.package_identification:_identify(launch/__pycache__) by extension 'ros'
[0.099s] Level 1:colcon.colcon_core.package_identification:_identify(launch/__pycache__) by extensions ['cmake', 'python']
[0.099s] Level 1:colcon.colcon_core.package_identification:_identify(launch/__pycache__) by extension 'cmake'
[0.099s] Level 1:colcon.colcon_core.package_identification:_identify(launch/__pycache__) by extension 'python'
[0.099s] Level 1:colcon.colcon_core.package_identification:_identify(launch/__pycache__) by extensions ['python_setup_py']
[0.099s] Level 1:colcon.colcon_core.package_identification:_identify(launch/__pycache__) by extension 'python_setup_py'
[0.099s] Level 1:colcon.colcon_core.package_identification:_identify(log) by extensions ['ignore', 'ignore_ament_install']
[0.099s] Level 1:colcon.colcon_core.package_identification:_identify(log) by extension 'ignore'
[0.099s] Level 1:colcon.colcon_core.package_identification:_identify(log) ignored
[0.099s] Level 1:colcon.colcon_core.package_identification:_identify(test_node_pkg) by extensions ['ignore', 'ignore_ament_install']
[0.099s] Level 1:colcon.colcon_core.package_identification:_identify(test_node_pkg) by extension 'ignore'
[0.099s] Level 1:colcon.colcon_core.package_identification:_identify(test_node_pkg) by extension 'ignore_ament_install'
[0.099s] Level 1:colcon.colcon_core.package_identification:_identify(test_node_pkg) by extensions ['colcon_pkg']
[0.099s] Level 1:colcon.colcon_core.package_identification:_identify(test_node_pkg) by extension 'colcon_pkg'
[0.099s] Level 1:colcon.colcon_core.package_identification:_identify(test_node_pkg) by extensions ['colcon_meta']
[0.099s] Level 1:colcon.colcon_core.package_identification:_identify(test_node_pkg) by extension 'colcon_meta'
[0.099s] Level 1:colcon.colcon_core.package_identification:_identify(test_node_pkg) by extensions ['ros']
[0.099s] Level 1:colcon.colcon_core.package_identification:_identify(test_node_pkg) by extension 'ros'
[0.099s] DEBUG:colcon.colcon_core.package_identification:Package 'test_node_pkg' with type 'ros.ament_python' and name 'test_node_pkg'
[0.100s] Level 1:colcon.colcon_core.package_identification:_identify(user_gui) by extensions ['ignore', 'ignore_ament_install']
[0.100s] Level 1:colcon.colcon_core.package_identification:_identify(user_gui) by extension 'ignore'
[0.100s] Level 1:colcon.colcon_core.package_identification:_identify(user_gui) by extension 'ignore_ament_install'
[0.100s] Level 1:colcon.colcon_core.package_identification:_identify(user_gui) by extensions ['colcon_pkg']
[0.100s] Level 1:colcon.colcon_core.package_identification:_identify(user_gui) by extension 'colcon_pkg'
[0.100s] Level 1:colcon.colcon_core.package_identification:_identify(user_gui) by extensions ['colcon_meta']
[0.100s] Level 1:colcon.colcon_core.package_identification:_identify(user_gui) by extension 'colcon_meta'
[0.100s] Level 1:colcon.colcon_core.package_identification:_identify(user_gui) by extensions ['ros']
[0.100s] Level 1:colcon.colcon_core.package_identification:_identify(user_gui) by extension 'ros'
[0.100s] DEBUG:colcon.colcon_core.package_identification:Package 'user_gui' with type 'ros.ament_python' and name 'user_gui'
[0.100s] Level 1:colcon.colcon_core.package_discovery:discover_packages(recursive) using defaults
[0.100s] Level 1:colcon.colcon_core.package_discovery:discover_packages(ignore) discover
[0.100s] Level 1:colcon.colcon_core.package_discovery:discover_packages(ignore) using defaults
[0.100s] Level 1:colcon.colcon_core.package_discovery:discover_packages(path) discover
[0.100s] Level 1:colcon.colcon_core.package_discovery:discover_packages(path) using defaults
[0.112s] Level 1:colcon.colcon_core.package_discovery:discover_packages(prefix_path) check parameters
[0.112s] Level 1:colcon.colcon_core.package_discovery:discover_packages(prefix_path) discover
[0.112s] DEBUG:colcon.colcon_installed_package_information.package_discovery:Found 3 installed packages in /home/thinh/ros2_ws/install
[0.113s] DEBUG:colcon.colcon_installed_package_information.package_discovery:Found 323 installed packages in /opt/ros/humble
[0.114s] Level 1:colcon.colcon_core.package_discovery:discover_packages(prefix_path) using defaults
[0.134s] Level 5:colcon.colcon_core.verb:set package 'camera_worker_pkg' build argument 'cmake_args' from command line to 'None'
[0.134s] Level 5:colcon.colcon_core.verb:set package 'camera_worker_pkg' build argument 'cmake_target' from command line to 'None'
[0.134s] Level 5:colcon.colcon_core.verb:set package 'camera_worker_pkg' build argument 'cmake_target_skip_unavailable' from command line to 'False'
[0.134s] Level 5:colcon.colcon_core.verb:set package 'camera_worker_pkg' build argument 'cmake_clean_cache' from command line to 'False'
[0.134s] Level 5:colcon.colcon_core.verb:set package 'camera_worker_pkg' build argument 'cmake_clean_first' from command line to 'False'
[0.134s] Level 5:colcon.colcon_core.verb:set package 'camera_worker_pkg' build argument 'cmake_force_configure' from command line to 'False'
[0.134s] Level 5:colcon.colcon_core.verb:set package 'camera_worker_pkg' build argument 'ament_cmake_args' from command line to 'None'
[0.134s] Level 5:colcon.colcon_core.verb:set package 'camera_worker_pkg' build argument 'catkin_cmake_args' from command line to 'None'
[0.134s] Level 5:colcon.colcon_core.verb:set package 'camera_worker_pkg' build argument 'catkin_skip_building_tests' from command line to 'False'
[0.134s] DEBUG:colcon.colcon_core.verb:Building package 'camera_worker_pkg' with the following arguments: {'ament_cmake_args': None, 'build_base': '/home/thinh/ros2_ws/src/build/camera_worker_pkg', 'catkin_cmake_args': None, 'catkin_skip_building_tests': False, 'cmake_args': None, 'cmake_clean_cache': False, 'cmake_clean_first': False, 'cmake_force_configure': False, 'cmake_target': None, 'cmake_target_skip_unavailable': False, 'install_base': '/home/thinh/ros2_ws/src/install/camera_worker_pkg', 'merge_install': False, 'path': '/home/thinh/ros2_ws/src/camera_worker_pkg', 'symlink_install': True, 'test_result_base': None}
[0.134s] Level 5:colcon.colcon_core.verb:set package 'test_node_pkg' build argument 'cmake_args' from command line to 'None'
[0.134s] Level 5:colcon.colcon_core.verb:set package 'test_node_pkg' build argument 'cmake_target' from command line to 'None'
[0.134s] Level 5:colcon.colcon_core.verb:set package 'test_node_pkg' build argument 'cmake_target_skip_unavailable' from command line to 'False'
[0.134s] Level 5:colcon.colcon_core.verb:set package 'test_node_pkg' build argument 'cmake_clean_cache' from command line to 'False'
[0.134s] Level 5:colcon.colcon_core.verb:set package 'test_node_pkg' build argument 'cmake_clean_first' from command line to 'False'
[0.134s] Level 5:colcon.colcon_core.verb:set package 'test_node_pkg' build argument 'cmake_force_configure' from command line to 'False'
[0.134s] Level 5:colcon.colcon_core.verb:set package 'test_node_pkg' build argument 'ament_cmake_args' from command line to 'None'
[0.134s] Level 5:colcon.colcon_core.verb:set package 'test_node_pkg' build argument 'catkin_cmake_args' from command line to 'None'
[0.134s] Level 5:colcon.colcon_core.verb:set package 'test_node_pkg' build argument 'catkin_skip_building_tests' from command line to 'False'
[0.134s] DEBUG:colcon.colcon_core.verb:Building package 'test_node_pkg' with the following arguments: {'ament_cmake_args': None, 'build_base': '/home/thinh/ros2_ws/src/build/test_node_pkg', 'catkin_cmake_args': None, 'catkin_skip_building_tests': False, 'cmake_args': None, 'cmake_clean_cache': False, 'cmake_clean_first': False, 'cmake_force_configure': False, 'cmake_target': None, 'cmake_target_skip_unavailable': False, 'install_base': '/home/thinh/ros2_ws/src/install/test_node_pkg', 'merge_install': False, 'path': '/home/thinh/ros2_ws/src/test_node_pkg', 'symlink_install': True, 'test_result_base': None}
[0.135s] Level 5:colcon.colcon_core.verb:set package 'user_gui' build argument 'cmake_args' from command line to 'None'
[0.135s] Level 5:colcon.colcon_core.verb:set package 'user_gui' build argument 'cmake_target' from command line to 'None'
[0.135s] Level 5:colcon.colcon_core.verb:set package 'user_gui' build argument 'cmake_target_skip_unavailable' from command line to 'False'
[0.135s] Level 5:colcon.colcon_core.verb:set package 'user_gui' build argument 'cmake_clean_cache' from command line to 'False'
[0.135s] Level 5:colcon.colcon_core.verb:set package 'user_gui' build argument 'cmake_clean_first' from command line to 'False'
[0.135s] Level 5:colcon.colcon_core.verb:set package 'user_gui' build argument 'cmake_force_configure' from command line to 'False'
[0.135s] Level 5:colcon.colcon_core.verb:set package 'user_gui' build argument 'ament_cmake_args' from command line to 'None'
[0.135s] Level 5:colcon.colcon_core.verb:set package 'user_gui' build argument 'catkin_cmake_args' from command line to 'None'
[0.135s] Level 5:colcon.colcon_core.verb:set package 'user_gui' build argument 'catkin_skip_building_tests' from command line to 'False'
[0.135s] DEBUG:colcon.colcon_core.verb:Building package 'user_gui' with the following arguments: {'ament_cmake_args': None, 'build_base': '/home/thinh/ros2_ws/src/build/user_gui', 'catkin_cmake_args': None, 'catkin_skip_building_tests': False, 'cmake_args': None, 'cmake_clean_cache': False, 'cmake_clean_first': False, 'cmake_force_configure': False, 'cmake_target': None, 'cmake_target_skip_unavailable': False, 'install_base': '/home/thinh/ros2_ws/src/install/user_gui', 'merge_install': False, 'path': '/home/thinh/ros2_ws/src/user_gui', 'symlink_install': True, 'test_result_base': None}
[0.135s] INFO:colcon.colcon_core.executor:Executing jobs using 'parallel' executor
[0.136s] DEBUG:colcon.colcon_parallel_executor.executor.parallel:run_until_complete
[0.136s] INFO:colcon.colcon_ros.task.ament_python.build:Building ROS package in '/home/thinh/ros2_ws/src/camera_worker_pkg' with build type 'ament_python'
[0.136s] Level 1:colcon.colcon_core.shell:create_environment_hook('camera_worker_pkg', 'ament_prefix_path')
[0.137s] INFO:colcon.colcon_core.plugin_system:Skipping extension 'colcon_core.shell.bat': Not used on non-Windows systems
[0.137s] INFO:colcon.colcon_core.shell:Creating environment hook '/home/thinh/ros2_ws/src/install/camera_worker_pkg/share/camera_worker_pkg/hook/ament_prefix_path.ps1'
[0.138s] INFO:colcon.colcon_core.shell:Creating environment descriptor '/home/thinh/ros2_ws/src/install/camera_worker_pkg/share/camera_worker_pkg/hook/ament_prefix_path.dsv'
[0.138s] INFO:colcon.colcon_core.shell:Creating environment hook '/home/thinh/ros2_ws/src/install/camera_worker_pkg/share/camera_worker_pkg/hook/ament_prefix_path.sh'
[0.139s] INFO:colcon.colcon_core.shell:Skip shell extension 'powershell' for command environment: Not usable outside of PowerShell
[0.139s] DEBUG:colcon.colcon_core.shell:Skip shell extension 'dsv' for command environment
[0.141s] INFO:colcon.colcon_ros.task.ament_python.build:Building ROS package in '/home/thinh/ros2_ws/src/test_node_pkg' with build type 'ament_python'
[0.141s] Level 1:colcon.colcon_core.shell:create_environment_hook('test_node_pkg', 'ament_prefix_path')
[0.141s] INFO:colcon.colcon_core.shell:Creating environment hook '/home/thinh/ros2_ws/src/install/test_node_pkg/share/test_node_pkg/hook/ament_prefix_path.ps1'
[0.141s] INFO:colcon.colcon_core.shell:Creating environment descriptor '/home/thinh/ros2_ws/src/install/test_node_pkg/share/test_node_pkg/hook/ament_prefix_path.dsv'
[0.141s] INFO:colcon.colcon_core.shell:Creating environment hook '/home/thinh/ros2_ws/src/install/test_node_pkg/share/test_node_pkg/hook/ament_prefix_path.sh'
[0.141s] INFO:colcon.colcon_core.shell:Skip shell extension 'powershell' for command environment: Not usable outside of PowerShell
[0.141s] DEBUG:colcon.colcon_core.shell:Skip shell extension 'dsv' for command environment
[0.143s] INFO:colcon.colcon_ros.task.ament_python.build:Building ROS package in '/home/thinh/ros2_ws/src/user_gui' with build type 'ament_python'
[0.143s] Level 1:colcon.colcon_core.shell:create_environment_hook('user_gui', 'ament_prefix_path')
[0.143s] INFO:colcon.colcon_core.shell:Creating environment hook '/home/thinh/ros2_ws/src/install/user_gui/share/user_gui/hook/ament_prefix_path.ps1'
[0.143s] INFO:colcon.colcon_core.shell:Creating environment descriptor '/home/thinh/ros2_ws/src/install/user_gui/share/user_gui/hook/ament_prefix_path.dsv'
[0.143s] INFO:colcon.colcon_core.shell:Creating environment hook '/home/thinh/ros2_ws/src/install/user_gui/share/user_gui/hook/ament_prefix_path.sh'
[0.144s] INFO:colcon.colcon_core.shell:Skip shell extension 'powershell' for command environment: Not usable outside of PowerShell
[0.144s] DEBUG:colcon.colcon_core.shell:Skip shell extension 'dsv' for command environment
[0.259s] INFO:colcon.colcon_core.task.python.build:Building Python package in '/home/thinh/ros2_ws/src/camera_worker_pkg'
[0.259s] INFO:colcon.colcon_core.shell:Skip shell extension 'powershell' for command environment: Not usable outside of PowerShell
[0.259s] DEBUG:colcon.colcon_core.shell:Skip shell extension 'dsv' for command environment
[0.377s] INFO:colcon.colcon_core.task.python.build:Building Python package in '/home/thinh/ros2_ws/src/test_node_pkg'
[0.377s] INFO:colcon.colcon_core.shell:Skip shell extension 'powershell' for command environment: Not usable outside of PowerShell
[0.377s] DEBUG:colcon.colcon_core.shell:Skip shell extension 'dsv' for command environment
[0.492s] INFO:colcon.colcon_core.task.python.build:Building Python package in '/home/thinh/ros2_ws/src/user_gui'
[0.493s] INFO:colcon.colcon_core.shell:Skip shell extension 'powershell' for command environment: Not usable outside of PowerShell
[0.493s] DEBUG:colcon.colcon_core.shell:Skip shell extension 'dsv' for command environment
[0.753s] DEBUG:colcon.colcon_core.event_handler.log_command:Invoking command in '/home/thinh/ros2_ws/src/build/user_gui': PYTHONPATH=/home/thinh/ros2_ws/src/build/user_gui/prefix_override:/usr/lib/python3/dist-packages/colcon_core/task/python/colcon_distutils_commands:/home/thinh/ros2_ws/src/install/user_gui/lib/python3.10/site-packages:${PYTHONPATH} /usr/bin/python3 -W ignore:setup.py install is deprecated -W ignore:easy_install command is deprecated setup.py develop --editable --build-directory /home/thinh/ros2_ws/src/build/user_gui/build --no-deps symlink_data
[0.755s] DEBUG:colcon.colcon_core.event_handler.log_command:Invoking command in '/home/thinh/ros2_ws/src/build/test_node_pkg': PYTHONPATH=/home/thinh/ros2_ws/src/build/test_node_pkg/prefix_override:/usr/lib/python3/dist-packages/colcon_core/task/python/colcon_distutils_commands:/home/thinh/ros2_ws/src/install/test_node_pkg/lib/python3.10/site-packages:${PYTHONPATH} /usr/bin/python3 -W ignore:setup.py install is deprecated -W ignore:easy_install command is deprecated setup.py develop --editable --build-directory /home/thinh/ros2_ws/src/build/test_node_pkg/build --no-deps symlink_data
[0.756s] DEBUG:colcon.colcon_core.event_handler.log_command:Invoking command in '/home/thinh/ros2_ws/src/build/camera_worker_pkg': PYTHONPATH=/home/thinh/ros2_ws/src/build/camera_worker_pkg/prefix_override:/usr/lib/python3/dist-packages/colcon_core/task/python/colcon_distutils_commands:/home/thinh/ros2_ws/src/install/camera_worker_pkg/lib/python3.10/site-packages:${PYTHONPATH} /usr/bin/python3 -W ignore:setup.py install is deprecated -W ignore:easy_install command is deprecated setup.py develop --editable --build-directory /home/thinh/ros2_ws/src/build/camera_worker_pkg/build --no-deps symlink_data
[0.883s] DEBUG:colcon.colcon_core.event_handler.log_command:Invoked command in '/home/thinh/ros2_ws/src/build/user_gui' returned '1': PYTHONPATH=/home/thinh/ros2_ws/src/build/user_gui/prefix_override:/usr/lib/python3/dist-packages/colcon_core/task/python/colcon_distutils_commands:/home/thinh/ros2_ws/src/install/user_gui/lib/python3.10/site-packages:${PYTHONPATH} /usr/bin/python3 -W ignore:setup.py install is deprecated -W ignore:easy_install command is deprecated setup.py develop --editable --build-directory /home/thinh/ros2_ws/src/build/user_gui/build --no-deps symlink_data
[0.898s] DEBUG:colcon.colcon_parallel_executor.executor.parallel:closing loop
[0.898s] DEBUG:colcon.colcon_parallel_executor.executor.parallel:loop closed
[0.898s] DEBUG:colcon.colcon_parallel_executor.executor.parallel:run_until_complete finished with '1'
[0.898s] DEBUG:colcon.colcon_core.event_reactor:joining thread
[0.900s] INFO:colcon.colcon_core.plugin_system:Skipping extension 'colcon_notification.desktop_notification.terminal_notifier': Not used on non-Darwin systems
[0.901s] INFO:colcon.colcon_core.plugin_system:Skipping extension 'colcon_notification.desktop_notification.win32': Not used on non-Windows systems
[0.901s] INFO:colcon.colcon_notification.desktop_notification:Sending desktop notification using 'notify2'
[0.906s] DEBUG:colcon.colcon_core.event_reactor:joined thread
[0.906s] INFO:colcon.colcon_core.shell:Creating prefix script '/home/thinh/ros2_ws/src/install/local_setup.ps1'
[0.907s] INFO:colcon.colcon_core.shell:Creating prefix util module '/home/thinh/ros2_ws/src/install/_local_setup_util_ps1.py'
[0.907s] INFO:colcon.colcon_core.shell:Creating prefix chain script '/home/thinh/ros2_ws/src/install/setup.ps1'
[0.908s] INFO:colcon.colcon_core.shell:Creating prefix script '/home/thinh/ros2_ws/src/install/local_setup.sh'
[0.908s] INFO:colcon.colcon_core.shell:Creating prefix util module '/home/thinh/ros2_ws/src/install/_local_setup_util_sh.py'
[0.908s] INFO:colcon.colcon_core.shell:Creating prefix chain script '/home/thinh/ros2_ws/src/install/setup.sh'
[0.909s] INFO:colcon.colcon_core.shell:Creating prefix script '/home/thinh/ros2_ws/src/install/local_setup.bash'
[0.909s] INFO:colcon.colcon_core.shell:Creating prefix chain script '/home/thinh/ros2_ws/src/install/setup.bash'
[0.910s] INFO:colcon.colcon_core.shell:Creating prefix script '/home/thinh/ros2_ws/src/install/local_setup.zsh'
[0.910s] INFO:colcon.colcon_core.shell:Creating prefix chain script '/home/thinh/ros2_ws/src/install/setup.zsh'
